[debug] [2025-11-07T11:27:04.884Z] ----------------------------------------------------------------------
[debug] [2025-11-07T11:27:04.886Z] Command:       /usr/local/bin/node /usr/local/bin/firebase init functions
[debug] [2025-11-07T11:27:04.886Z] CLI Version:   14.15.1
[debug] [2025-11-07T11:27:04.886Z] Platform:      darwin
[debug] [2025-11-07T11:27:04.886Z] Node Version:  v22.18.0
[debug] [2025-11-07T11:27:04.886Z] Time:          Fri Nov 07 2025 12:27:04 GMT+0100 (Central European Standard Time)
[debug] [2025-11-07T11:27:04.886Z] ----------------------------------------------------------------------
[debug] 
[debug] [2025-11-07T11:27:04.976Z] > command requires scopes: ["email","openid","https://www.googleapis.com/auth/cloudplatformprojects.readonly","https://www.googleapis.com/auth/firebase","https://www.googleapis.com/auth/cloud-platform"]
[debug] [2025-11-07T11:27:04.976Z] > authorizing via signed-in user (accvetkov@gmail.com)
[info] 
     ######## #### ########  ######## ########     ###     ######  ########
     ##        ##  ##     ## ##       ##     ##  ##   ##  ##       ##
     ######    ##  ########  ######   ########  #########  ######  ######
     ##        ##  ##    ##  ##       ##     ## ##     ##       ## ##
     ##       #### ##     ## ######## ########  ##     ##  ######  ########

You're about to initialize a Firebase project in this directory:

  /Users/alek/angular-firebase-app

Before we get started, keep in mind:

  * You are initializing within an existing Firebase project directory

[info] 
=== Project Setup
[info] 
[info] First, let's associate this project directory with a Firebase project.
[info] You can create multiple project aliases by running firebase use --add, 
[info] but for now we'll just set up a default project.
[info] 
[debug] [2025-11-07T11:27:04.977Z] Using project from CLI flag: angular-firebase-app-ce2c0
[debug] [2025-11-07T11:27:04.977Z] Checked if tokens are valid: true, expires at: 1762518046985
[debug] [2025-11-07T11:27:04.978Z] Checked if tokens are valid: true, expires at: 1762518046985
[debug] [2025-11-07T11:27:04.978Z] >>> [apiv2][query] GET https://firebase.googleapis.com/v1beta1/projects/angular-firebase-app-ce2c0 [none]
[debug] [2025-11-07T11:27:05.431Z] <<< [apiv2][status] GET https://firebase.googleapis.com/v1beta1/projects/angular-firebase-app-ce2c0 200
[debug] [2025-11-07T11:27:05.432Z] <<< [apiv2][body] GET https://firebase.googleapis.com/v1beta1/projects/angular-firebase-app-ce2c0 {"projectId":"angular-firebase-app-ce2c0","projectNumber":"864881525638","displayName":"Angular Firebase App","name":"projects/angular-firebase-app-ce2c0","resources":{"hostingSite":"angular-firebase-app-ce2c0"},"state":"ACTIVE","etag":"1_a8d42c68-4377-4aac-84d3-34c8ff429db2"}
[info] i  Using project angular-firebase-app-ce2c0 (Angular Firebase App) 
[info] 
=== Functions Setup
[debug] [2025-11-07T11:27:05.567Z] > command requires scopes: ["email","openid","https://www.googleapis.com/auth/cloudplatformprojects.readonly","https://www.googleapis.com/auth/firebase","https://www.googleapis.com/auth/cloud-platform"]
[debug] [2025-11-07T11:27:05.567Z] > authorizing via signed-in user (accvetkov@gmail.com)
[debug] [2025-11-07T11:27:05.567Z] [iam] checking project angular-firebase-app-ce2c0 for permissions ["firebase.projects.get"]
[debug] [2025-11-07T11:27:05.568Z] Checked if tokens are valid: true, expires at: 1762518046985
[debug] [2025-11-07T11:27:05.568Z] Checked if tokens are valid: true, expires at: 1762518046985
[debug] [2025-11-07T11:27:05.568Z] >>> [apiv2][query] POST https://cloudresourcemanager.googleapis.com/v1/projects/angular-firebase-app-ce2c0:testIamPermissions [none]
[debug] [2025-11-07T11:27:05.568Z] >>> [apiv2][(partial)header] POST https://cloudresourcemanager.googleapis.com/v1/projects/angular-firebase-app-ce2c0:testIamPermissions x-goog-quota-user=projects/angular-firebase-app-ce2c0
[debug] [2025-11-07T11:27:05.568Z] >>> [apiv2][body] POST https://cloudresourcemanager.googleapis.com/v1/projects/angular-firebase-app-ce2c0:testIamPermissions {"permissions":["firebase.projects.get"]}
[debug] [2025-11-07T11:27:06.481Z] <<< [apiv2][status] POST https://cloudresourcemanager.googleapis.com/v1/projects/angular-firebase-app-ce2c0:testIamPermissions 200
[debug] [2025-11-07T11:27:06.481Z] <<< [apiv2][body] POST https://cloudresourcemanager.googleapis.com/v1/projects/angular-firebase-app-ce2c0:testIamPermissions {"permissions":["firebase.projects.get"]}
[info] 
Detected existing codebase(s): default

[debug] [2025-11-07T11:27:55.671Z] ExitPromptError: User force closed the prompt with SIGINT
    at Interface.sigint (/usr/local/lib/node_modules/firebase-tools/node_modules/@inquirer/core/dist/commonjs/lib/create-prompt.js:101:37)
    at Interface.emit (node:events:518:28)
    at Interface.emit (node:domain:489:12)
    at [_ttyWrite] [as _ttyWrite] (node:internal/readline/interface:1132:18)
    at ReadStream.onkeypress (node:internal/readline/interface:271:20)
    at ReadStream.emit (node:events:530:35)
    at ReadStream.emit (node:domain:489:12)
    at emitKeys (node:internal/readline/utils:370:14)
    at emitKeys.next (<anonymous>)
    at ReadStream.onData (node:internal/readline/emitKeypressEvents:64:36)
[error] 
[error] Error: An unexpected error has occurred.
